[INFO  - 2015-03-31T13:38:42.830Z] GhostDriver - Main - running on port 45859
[INFO  - 2015-03-31T13:38:43.261Z] Session [3f7e0380-d7ab-11e4-9f40-bbc07a3b34a7] - page.settings - {"XSSAuditingEnabled":false,"javascriptCanCloseWindows":true,"javascriptCanOpenWindows":true,"javascriptEnabled":true,"loadImages":true,"localToRemoteUrlAccessEnabled":false,"userAgent":"Mozilla/5.0 (Macintosh; Intel Mac OS X) AppleWebKit/534.34 (KHTML, like Gecko) PhantomJS/1.9.8 Safari/534.34","webSecurityEnabled":true}
[INFO  - 2015-03-31T13:38:43.261Z] Session [3f7e0380-d7ab-11e4-9f40-bbc07a3b34a7] - page.customHeaders:  - {}
[INFO  - 2015-03-31T13:38:43.262Z] Session [3f7e0380-d7ab-11e4-9f40-bbc07a3b34a7] - Session.negotiatedCapabilities - {"browserName":"phantomjs","version":"1.9.8","driverName":"ghostdriver","driverVersion":"1.1.0","platform":"mac-10.10 (Yosemite)-32bit","javascriptEnabled":true,"takesScreenshot":true,"handlesAlerts":false,"databaseEnabled":false,"locationContextEnabled":false,"applicationCacheEnabled":false,"browserConnectionEnabled":false,"cssSelectorsEnabled":true,"webStorageEnabled":false,"rotatable":false,"acceptSslCerts":false,"nativeEvents":true,"proxy":{"proxyType":"direct"}}
[INFO  - 2015-03-31T13:38:43.262Z] SessionManagerReqHand - _postNewSessionCommand - New Session Created: 3f7e0380-d7ab-11e4-9f40-bbc07a3b34a7
[ERROR - 2015-03-31T13:38:45.144Z] Session [3f7e0380-d7ab-11e4-9f40-bbc07a3b34a7] - page.onError - msg: TypeError: 'undefined' is not a function (evaluating 'Array.prototype.forEach.call.bind(Array.prototype.forEach)')
[ERROR - 2015-03-31T13:38:45.144Z] Session [3f7e0380-d7ab-11e4-9f40-bbc07a3b34a7] - page.onError - stack:
  (anonymous function) (https://assets-cdn.github.com/assets/frameworks-d22b59d0085e83b7549ba4341ec9e68f80c2f29c8e49213ee182003dc8d568c6.js:29)
  (anonymous function) (https://assets-cdn.github.com/assets/frameworks-d22b59d0085e83b7549ba4341ec9e68f80c2f29c8e49213ee182003dc8d568c6.js:29)
[ERROR - 2015-03-31T13:38:45.165Z] Session [3f7e0380-d7ab-11e4-9f40-bbc07a3b34a7] - page.onError - msg: ReferenceError: Can't find variable: $
[ERROR - 2015-03-31T13:38:45.165Z] Session [3f7e0380-d7ab-11e4-9f40-bbc07a3b34a7] - page.onError - stack:
  (anonymous function) (https://assets-cdn.github.com/assets/github-2c46bf7af744168851951e2fa4f404675a09c3d3f5b8ec92e4d28c3238de7936.js:1)
  (anonymous function) (https://assets-cdn.github.com/assets/github-2c46bf7af744168851951e2fa4f404675a09c3d3f5b8ec92e4d28c3238de7936.js:1)
[INFO  - 2015-03-31T13:38:46.479Z] ShutdownReqHand - _handle - About to shutdown
[INFO  - 2015-03-31T13:39:46.063Z] GhostDriver - Main - running on port 2027
[INFO  - 2015-03-31T13:39:46.559Z] Session [653885a0-d7ab-11e4-98d2-5f57bcbd7a86] - page.settings - {"XSSAuditingEnabled":false,"javascriptCanCloseWindows":true,"javascriptCanOpenWindows":true,"javascriptEnabled":true,"loadImages":true,"localToRemoteUrlAccessEnabled":false,"userAgent":"Mozilla/5.0 (Macintosh; Intel Mac OS X) AppleWebKit/534.34 (KHTML, like Gecko) PhantomJS/1.9.8 Safari/534.34","webSecurityEnabled":true}
[INFO  - 2015-03-31T13:39:46.559Z] Session [653885a0-d7ab-11e4-98d2-5f57bcbd7a86] - page.customHeaders:  - {}
[INFO  - 2015-03-31T13:39:46.559Z] Session [653885a0-d7ab-11e4-98d2-5f57bcbd7a86] - Session.negotiatedCapabilities - {"browserName":"phantomjs","version":"1.9.8","driverName":"ghostdriver","driverVersion":"1.1.0","platform":"mac-10.10 (Yosemite)-32bit","javascriptEnabled":true,"takesScreenshot":true,"handlesAlerts":false,"databaseEnabled":false,"locationContextEnabled":false,"applicationCacheEnabled":false,"browserConnectionEnabled":false,"cssSelectorsEnabled":true,"webStorageEnabled":false,"rotatable":false,"acceptSslCerts":false,"nativeEvents":true,"proxy":{"proxyType":"direct"}}
[INFO  - 2015-03-31T13:39:46.559Z] SessionManagerReqHand - _postNewSessionCommand - New Session Created: 653885a0-d7ab-11e4-98d2-5f57bcbd7a86
[INFO  - 2015-03-31T13:39:46.926Z] ShutdownReqHand - _handle - About to shutdown
[INFO  - 2015-03-31T13:41:45.808Z] GhostDriver - Main - running on port 8919
[INFO  - 2015-03-31T13:41:46.283Z] Session [ac94f460-d7ab-11e4-9a0d-91d295f97af4] - page.settings - {"XSSAuditingEnabled":false,"javascriptCanCloseWindows":true,"javascriptCanOpenWindows":true,"javascriptEnabled":true,"loadImages":true,"localToRemoteUrlAccessEnabled":false,"userAgent":"Mozilla/5.0 (Macintosh; Intel Mac OS X) AppleWebKit/534.34 (KHTML, like Gecko) PhantomJS/1.9.8 Safari/534.34","webSecurityEnabled":true}
[INFO  - 2015-03-31T13:41:46.284Z] Session [ac94f460-d7ab-11e4-9a0d-91d295f97af4] - page.customHeaders:  - {}
[INFO  - 2015-03-31T13:41:46.284Z] Session [ac94f460-d7ab-11e4-9a0d-91d295f97af4] - Session.negotiatedCapabilities - {"browserName":"phantomjs","version":"1.9.8","driverName":"ghostdriver","driverVersion":"1.1.0","platform":"mac-10.10 (Yosemite)-32bit","javascriptEnabled":true,"takesScreenshot":true,"handlesAlerts":false,"databaseEnabled":false,"locationContextEnabled":false,"applicationCacheEnabled":false,"browserConnectionEnabled":false,"cssSelectorsEnabled":true,"webStorageEnabled":false,"rotatable":false,"acceptSslCerts":false,"nativeEvents":true,"proxy":{"proxyType":"direct"}}
[INFO  - 2015-03-31T13:41:46.284Z] SessionManagerReqHand - _postNewSessionCommand - New Session Created: ac94f460-d7ab-11e4-9a0d-91d295f97af4
[INFO  - 2015-03-31T13:41:46.461Z] ShutdownReqHand - _handle - About to shutdown
[INFO  - 2015-03-31T13:42:51.195Z] GhostDriver - Main - running on port 43293
[INFO  - 2015-03-31T13:42:51.662Z] Session [d38cff90-d7ab-11e4-8dcb-218580758a46] - page.settings - {"XSSAuditingEnabled":false,"javascriptCanCloseWindows":true,"javascriptCanOpenWindows":true,"javascriptEnabled":true,"loadImages":true,"localToRemoteUrlAccessEnabled":false,"userAgent":"Mozilla/5.0 (Macintosh; Intel Mac OS X) AppleWebKit/534.34 (KHTML, like Gecko) PhantomJS/1.9.8 Safari/534.34","webSecurityEnabled":true}
[INFO  - 2015-03-31T13:42:51.662Z] Session [d38cff90-d7ab-11e4-8dcb-218580758a46] - page.customHeaders:  - {}
[INFO  - 2015-03-31T13:42:51.662Z] Session [d38cff90-d7ab-11e4-8dcb-218580758a46] - Session.negotiatedCapabilities - {"browserName":"phantomjs","version":"1.9.8","driverName":"ghostdriver","driverVersion":"1.1.0","platform":"mac-10.10 (Yosemite)-32bit","javascriptEnabled":true,"takesScreenshot":true,"handlesAlerts":false,"databaseEnabled":false,"locationContextEnabled":false,"applicationCacheEnabled":false,"browserConnectionEnabled":false,"cssSelectorsEnabled":true,"webStorageEnabled":false,"rotatable":false,"acceptSslCerts":false,"nativeEvents":true,"proxy":{"proxyType":"direct"}}
[INFO  - 2015-03-31T13:42:51.662Z] SessionManagerReqHand - _postNewSessionCommand - New Session Created: d38cff90-d7ab-11e4-8dcb-218580758a46
[INFO  - 2015-03-31T13:42:51.697Z] ShutdownReqHand - _handle - About to shutdown
[INFO  - 2015-03-31T13:42:53.830Z] GhostDriver - Main - running on port 22345
[INFO  - 2015-03-31T13:42:54.304Z] Session [d51ffba0-d7ab-11e4-a0df-fbfa1a9a4cb3] - page.settings - {"XSSAuditingEnabled":false,"javascriptCanCloseWindows":true,"javascriptCanOpenWindows":true,"javascriptEnabled":true,"loadImages":true,"localToRemoteUrlAccessEnabled":false,"userAgent":"Mozilla/5.0 (Macintosh; Intel Mac OS X) AppleWebKit/534.34 (KHTML, like Gecko) PhantomJS/1.9.8 Safari/534.34","webSecurityEnabled":true}
[INFO  - 2015-03-31T13:42:54.305Z] Session [d51ffba0-d7ab-11e4-a0df-fbfa1a9a4cb3] - page.customHeaders:  - {}
[INFO  - 2015-03-31T13:42:54.305Z] Session [d51ffba0-d7ab-11e4-a0df-fbfa1a9a4cb3] - Session.negotiatedCapabilities - {"browserName":"phantomjs","version":"1.9.8","driverName":"ghostdriver","driverVersion":"1.1.0","platform":"mac-10.10 (Yosemite)-32bit","javascriptEnabled":true,"takesScreenshot":true,"handlesAlerts":false,"databaseEnabled":false,"locationContextEnabled":false,"applicationCacheEnabled":false,"browserConnectionEnabled":false,"cssSelectorsEnabled":true,"webStorageEnabled":false,"rotatable":false,"acceptSslCerts":false,"nativeEvents":true,"proxy":{"proxyType":"direct"}}
[INFO  - 2015-03-31T13:42:54.305Z] SessionManagerReqHand - _postNewSessionCommand - New Session Created: d51ffba0-d7ab-11e4-a0df-fbfa1a9a4cb3
[INFO  - 2015-03-31T13:42:54.467Z] ShutdownReqHand - _handle - About to shutdown
[INFO  - 2015-03-31T13:43:22.257Z] GhostDriver - Main - running on port 42268
[INFO  - 2015-03-31T13:43:22.735Z] Session [e6123590-d7ab-11e4-8081-052abc5e7be6] - page.settings - {"XSSAuditingEnabled":false,"javascriptCanCloseWindows":true,"javascriptCanOpenWindows":true,"javascriptEnabled":true,"loadImages":true,"localToRemoteUrlAccessEnabled":false,"userAgent":"Mozilla/5.0 (Macintosh; Intel Mac OS X) AppleWebKit/534.34 (KHTML, like Gecko) PhantomJS/1.9.8 Safari/534.34","webSecurityEnabled":true}
[INFO  - 2015-03-31T13:43:22.735Z] Session [e6123590-d7ab-11e4-8081-052abc5e7be6] - page.customHeaders:  - {}
[INFO  - 2015-03-31T13:43:22.735Z] Session [e6123590-d7ab-11e4-8081-052abc5e7be6] - Session.negotiatedCapabilities - {"browserName":"phantomjs","version":"1.9.8","driverName":"ghostdriver","driverVersion":"1.1.0","platform":"mac-10.10 (Yosemite)-32bit","javascriptEnabled":true,"takesScreenshot":true,"handlesAlerts":false,"databaseEnabled":false,"locationContextEnabled":false,"applicationCacheEnabled":false,"browserConnectionEnabled":false,"cssSelectorsEnabled":true,"webStorageEnabled":false,"rotatable":false,"acceptSslCerts":false,"nativeEvents":true,"proxy":{"proxyType":"direct"}}
[INFO  - 2015-03-31T13:43:22.735Z] SessionManagerReqHand - _postNewSessionCommand - New Session Created: e6123590-d7ab-11e4-8081-052abc5e7be6
[INFO  - 2015-03-31T13:43:22.763Z] ShutdownReqHand - _handle - About to shutdown
[INFO  - 2015-03-31T13:43:24.891Z] GhostDriver - Main - running on port 38336
[INFO  - 2015-03-31T13:43:25.368Z] Session [e7a42030-d7ab-11e4-aba6-a3de2683e44e] - page.settings - {"XSSAuditingEnabled":false,"javascriptCanCloseWindows":true,"javascriptCanOpenWindows":true,"javascriptEnabled":true,"loadImages":true,"localToRemoteUrlAccessEnabled":false,"userAgent":"Mozilla/5.0 (Macintosh; Intel Mac OS X) AppleWebKit/534.34 (KHTML, like Gecko) PhantomJS/1.9.8 Safari/534.34","webSecurityEnabled":true}
[INFO  - 2015-03-31T13:43:25.368Z] Session [e7a42030-d7ab-11e4-aba6-a3de2683e44e] - page.customHeaders:  - {}
[INFO  - 2015-03-31T13:43:25.369Z] Session [e7a42030-d7ab-11e4-aba6-a3de2683e44e] - Session.negotiatedCapabilities - {"browserName":"phantomjs","version":"1.9.8","driverName":"ghostdriver","driverVersion":"1.1.0","platform":"mac-10.10 (Yosemite)-32bit","javascriptEnabled":true,"takesScreenshot":true,"handlesAlerts":false,"databaseEnabled":false,"locationContextEnabled":false,"applicationCacheEnabled":false,"browserConnectionEnabled":false,"cssSelectorsEnabled":true,"webStorageEnabled":false,"rotatable":false,"acceptSslCerts":false,"nativeEvents":true,"proxy":{"proxyType":"direct"}}
[INFO  - 2015-03-31T13:43:25.369Z] SessionManagerReqHand - _postNewSessionCommand - New Session Created: e7a42030-d7ab-11e4-aba6-a3de2683e44e
[INFO  - 2015-03-31T13:43:25.530Z] ShutdownReqHand - _handle - About to shutdown
